{"/Users/andreiamaral/Documents/projects/gopicos-backend/src/database/db.ts": {"path":"/Users/andreiamaral/Documents/projects/gopicos-backend/src/database/db.ts","statementMap":{"0":{"start":{"line":1,"column":0},"end":{"line":1,"column":46}},"1":{"start":{"line":3,"column":15},"end":{"line":3,"column":33}},"2":{"start":{"line":5,"column":9},"end":{"line":5,"column":15}}},"fnMap":{},"branchMap":{},"s":{"0":2,"1":2,"2":2},"f":{},"b":{}}
,"/Users/andreiamaral/Documents/projects/gopicos-backend/src/database/repositories/UserRepository/index.ts": {"path":"/Users/andreiamaral/Documents/projects/gopicos-backend/src/database/repositories/UserRepository/index.ts","statementMap":{"0":{"start":{"line":2,"column":0},"end":{"line":2,"column":38}},"1":{"start":{"line":20,"column":4},"end":{"line":22,"column":5}},"2":{"start":{"line":21,"column":6},"end":{"line":21,"column":43}},"3":{"start":{"line":23,"column":4},"end":{"line":23,"column":25}},"4":{"start":{"line":27,"column":17},"end":{"line":31,"column":6}},"5":{"start":{"line":33,"column":4},"end":{"line":33,"column":16}},"6":{"start":{"line":37,"column":24},"end":{"line":45,"column":6}},"7":{"start":{"line":47,"column":4},"end":{"line":47,"column":23}},"8":{"start":{"line":51,"column":24},"end":{"line":54,"column":6}},"9":{"start":{"line":56,"column":4},"end":{"line":56,"column":25}},"10":{"start":{"line":60,"column":24},"end":{"line":69,"column":6}},"11":{"start":{"line":71,"column":4},"end":{"line":71,"column":23}},"12":{"start":{"line":14,"column":0},"end":{"line":14,"column":13}},"13":{"start":{"line":15,"column":17},"end":{"line":15,"column":56}}},"fnMap":{"0":{"name":"(anonymous_7)","decl":{"start":{"line":17,"column":2},"end":{"line":17,"column":17}},"loc":{"start":{"line":17,"column":2},"end":{"line":17,"column":18}}},"1":{"name":"(anonymous_8)","decl":{"start":{"line":19,"column":9},"end":{"line":19,"column":15}},"loc":{"start":{"line":19,"column":27},"end":{"line":24,"column":3}}},"2":{"name":"(anonymous_9)","decl":{"start":{"line":26,"column":15},"end":{"line":26,"column":26}},"loc":{"start":{"line":26,"column":40},"end":{"line":34,"column":null}}},"3":{"name":"(anonymous_11)","decl":{"start":{"line":36,"column":15},"end":{"line":36,"column":21}},"loc":{"start":{"line":36,"column":41},"end":{"line":48,"column":null}}},"4":{"name":"(anonymous_13)","decl":{"start":{"line":50,"column":15},"end":{"line":50,"column":21}},"loc":{"start":{"line":50,"column":32},"end":{"line":57,"column":null}}},"5":{"name":"(anonymous_15)","decl":{"start":{"line":59,"column":15},"end":{"line":59,"column":21}},"loc":{"start":{"line":59,"column":41},"end":{"line":72,"column":null}}}},"branchMap":{"0":{"loc":{"start":{"line":20,"column":4},"end":{"line":22,"column":5}},"type":"if","locations":[{"start":{"line":20,"column":4},"end":{"line":22,"column":5}}]}},"s":{"0":2,"1":4,"2":2,"3":4,"4":4,"5":4,"6":1,"7":1,"8":0,"9":0,"10":0,"11":0,"12":2,"13":2},"f":{"0":2,"1":4,"2":4,"3":1,"4":0,"5":0},"b":{"0":[2]}}
,"/Users/andreiamaral/Documents/projects/gopicos-backend/src/infra/middlewares/validate-signup.middleware.ts": {"path":"/Users/andreiamaral/Documents/projects/gopicos-backend/src/infra/middlewares/validate-signup.middleware.ts","statementMap":{"0":{"start":{"line":2,"column":0},"end":{"line":2,"column":24}},"1":{"start":{"line":4,"column":26},"end":{"line":20,"column":2}},"2":{"start":{"line":22,"column":40},"end":{"line":32,"column":1}},"3":{"start":{"line":27,"column":21},"end":{"line":27,"column":29}},"4":{"start":{"line":29,"column":2},"end":{"line":29,"column":38}},"5":{"start":{"line":31,"column":2},"end":{"line":31,"column":9}},"6":{"start":{"line":22,"column":13},"end":{"line":22,"column":40}}},"fnMap":{"0":{"name":"(anonymous_0)","decl":{"start":{"line":22,"column":40},"end":{"line":22,"column":null}},"loc":{"start":{"line":26,"column":4},"end":{"line":32,"column":1}}}},"branchMap":{},"s":{"0":2,"1":2,"2":2,"3":1,"4":1,"5":1,"6":2},"f":{"0":1},"b":{}}
,"/Users/andreiamaral/Documents/projects/gopicos-backend/src/infra/routes/index.ts": {"path":"/Users/andreiamaral/Documents/projects/gopicos-backend/src/infra/routes/index.ts","statementMap":{"0":{"start":{"line":1,"column":0},"end":{"line":1,"column":33}},"1":{"start":{"line":2,"column":0},"end":{"line":2,"column":62}},"2":{"start":{"line":4,"column":15},"end":{"line":4,"column":23}},"3":{"start":{"line":8,"column":9},"end":{"line":8,"column":15}},"4":{"start":{"line":6,"column":0},"end":{"line":6,"column":33}}},"fnMap":{},"branchMap":{},"s":{"0":2,"1":2,"2":2,"3":2,"4":2},"f":{},"b":{}}
,"/Users/andreiamaral/Documents/projects/gopicos-backend/src/infra/routes/AuthenticationRoutes/index.ts": {"path":"/Users/andreiamaral/Documents/projects/gopicos-backend/src/infra/routes/AuthenticationRoutes/index.ts","statementMap":{"0":{"start":{"line":1,"column":0},"end":{"line":1,"column":89}},"1":{"start":{"line":2,"column":0},"end":{"line":2,"column":93}},"2":{"start":{"line":3,"column":0},"end":{"line":3,"column":96}},"3":{"start":{"line":4,"column":0},"end":{"line":4,"column":33}},"4":{"start":{"line":6,"column":15},"end":{"line":6,"column":23}},"5":{"start":{"line":11,"column":19},"end":{"line":11,"column":39}},"6":{"start":{"line":8,"column":0},"end":{"line":8,"column":44}},"7":{"start":{"line":9,"column":0},"end":{"line":9,"column":72}}},"fnMap":{},"branchMap":{},"s":{"0":2,"1":2,"2":2,"3":2,"4":2,"5":2,"6":2,"7":2},"f":{},"b":{}}
,"/Users/andreiamaral/Documents/projects/gopicos-backend/src/infra/server/index.ts": {"path":"/Users/andreiamaral/Documents/projects/gopicos-backend/src/infra/server/index.ts","statementMap":{"0":{"start":{"line":1,"column":0},"end":{"line":1,"column":24}},"1":{"start":{"line":2,"column":0},"end":{"line":2,"column":39}},"2":{"start":{"line":3,"column":0},"end":{"line":3,"column":30}},"3":{"start":{"line":5,"column":12},"end":{"line":5,"column":21}},"4":{"start":{"line":18,"column":9},"end":{"line":18,"column":12}},"5":{"start":{"line":6,"column":0},"end":{"line":6,"column":24}},"6":{"start":{"line":8,"column":0},"end":{"line":8,"column":16}},"7":{"start":{"line":10,"column":0},"end":{"line":10,"column":24}},"8":{"start":{"line":12,"column":0},"end":{"line":16,"column":1}},"9":{"start":{"line":13,"column":2},"end":{"line":15,"column":5}},"10":{"start":{"line":14,"column":4},"end":{"line":14,"column":50}}},"fnMap":{"0":{"name":"(anonymous_1)","decl":{"start":{"line":13,"column":19},"end":{"line":13,"column":22}},"loc":{"start":{"line":13,"column":24},"end":{"line":15,"column":3}}}},"branchMap":{"0":{"loc":{"start":{"line":12,"column":0},"end":{"line":16,"column":1}},"type":"if","locations":[{"start":{"line":12,"column":0},"end":{"line":16,"column":1}}]}},"s":{"0":2,"1":2,"2":2,"3":2,"4":2,"5":2,"6":2,"7":2,"8":2,"9":0,"10":0},"f":{"0":0},"b":{"0":[0]}}
,"/Users/andreiamaral/Documents/projects/gopicos-backend/src/modules/Authentication/Login/controllers/MakeLoginController.factory.ts": {"path":"/Users/andreiamaral/Documents/projects/gopicos-backend/src/modules/Authentication/Login/controllers/MakeLoginController.factory.ts","statementMap":{"0":{"start":{"line":10,"column":31},"end":{"line":10,"column":58}},"1":{"start":{"line":13,"column":27},"end":{"line":13,"column":39}},"2":{"start":{"line":15,"column":4},"end":{"line":23,"column":5}},"3":{"start":{"line":16,"column":6},"end":{"line":21,"column":9}},"4":{"start":{"line":22,"column":6},"end":{"line":22,"column":13}},"5":{"start":{"line":25,"column":23},"end":{"line":25,"column":58}},"6":{"start":{"line":27,"column":4},"end":{"line":35,"column":5}},"7":{"start":{"line":28,"column":6},"end":{"line":33,"column":9}},"8":{"start":{"line":34,"column":6},"end":{"line":34,"column":13}},"9":{"start":{"line":37,"column":4},"end":{"line":45,"column":5}},"10":{"start":{"line":38,"column":6},"end":{"line":43,"column":9}},"11":{"start":{"line":44,"column":6},"end":{"line":44,"column":13}},"12":{"start":{"line":47,"column":37},"end":{"line":47,"column":47}},"13":{"start":{"line":47,"column":32},"end":{"line":47,"column":37}},"14":{"start":{"line":49,"column":4},"end":{"line":54,"column":7}},"15":{"start":{"line":9,"column":0},"end":{"line":9,"column":13}}},"fnMap":{"0":{"name":"(anonymous_8)","decl":{"start":{"line":10,"column":2},"end":{"line":10,"column":31}},"loc":{"start":{"line":10,"column":58},"end":{"line":10,"column":62}}},"1":{"name":"(anonymous_9)","decl":{"start":{"line":12,"column":15},"end":{"line":12,"column":21}},"loc":{"start":{"line":12,"column":58},"end":{"line":55,"column":null}}}},"branchMap":{"0":{"loc":{"start":{"line":15,"column":4},"end":{"line":23,"column":5}},"type":"if","locations":[{"start":{"line":15,"column":4},"end":{"line":23,"column":5}}]},"1":{"loc":{"start":{"line":15,"column":8},"end":{"line":15,"column":37}},"type":"binary-expr","locations":[{"start":{"line":15,"column":8},"end":{"line":15,"column":19}},{"start":{"line":15,"column":23},"end":{"line":15,"column":37}}]},"2":{"loc":{"start":{"line":27,"column":4},"end":{"line":35,"column":5}},"type":"if","locations":[{"start":{"line":27,"column":4},"end":{"line":35,"column":5}}]},"3":{"loc":{"start":{"line":37,"column":4},"end":{"line":45,"column":5}},"type":"if","locations":[{"start":{"line":37,"column":4},"end":{"line":45,"column":5}}]}},"s":{"0":2,"1":5,"2":5,"3":2,"4":2,"5":3,"6":3,"7":1,"8":1,"9":2,"10":1,"11":1,"12":1,"13":1,"14":1,"15":2},"f":{"0":2,"1":5},"b":{"0":[2],"1":[5,4],"2":[1],"3":[1]}}
,"/Users/andreiamaral/Documents/projects/gopicos-backend/src/modules/Authentication/Login/controllers/login.controller.ts": {"path":"/Users/andreiamaral/Documents/projects/gopicos-backend/src/modules/Authentication/Login/controllers/login.controller.ts","statementMap":{"0":{"start":{"line":1,"column":0},"end":{"line":1,"column":57}},"1":{"start":{"line":2,"column":0},"end":{"line":2,"column":68}},"2":{"start":{"line":4,"column":31},"end":{"line":4,"column":68}},"3":{"start":{"line":6,"column":24},"end":{"line":7,"column":null}},"4":{"start":{"line":10,"column":9},"end":{"line":10,"column":24}}},"fnMap":{},"branchMap":{},"s":{"0":2,"1":2,"2":2,"3":2,"4":2},"f":{},"b":{}}
,"/Users/andreiamaral/Documents/projects/gopicos-backend/src/modules/Authentication/Login/services/login.service.ts": {"path":"/Users/andreiamaral/Documents/projects/gopicos-backend/src/modules/Authentication/Login/services/login.service.ts","statementMap":{"0":{"start":{"line":1,"column":0},"end":{"line":1,"column":71}},"1":{"start":{"line":2,"column":0},"end":{"line":2,"column":62}},"2":{"start":{"line":4,"column":23},"end":{"line":4,"column":51}},"3":{"start":{"line":5,"column":28},"end":{"line":5,"column":64}},"4":{"start":{"line":7,"column":21},"end":{"line":7,"column":74}},"5":{"start":{"line":9,"column":9},"end":{"line":9,"column":21}}},"fnMap":{},"branchMap":{},"s":{"0":2,"1":2,"2":2,"3":2,"4":2,"5":2},"f":{},"b":{}}
,"/Users/andreiamaral/Documents/projects/gopicos-backend/src/modules/Authentication/Login/services/makeLoginService.factory.ts": {"path":"/Users/andreiamaral/Documents/projects/gopicos-backend/src/modules/Authentication/Login/services/makeLoginService.factory.ts","statementMap":{"0":{"start":{"line":9,"column":31},"end":{"line":9,"column":62}},"1":{"start":{"line":12,"column":17},"end":{"line":12,"column":61}},"2":{"start":{"line":14,"column":4},"end":{"line":16,"column":5}},"3":{"start":{"line":15,"column":6},"end":{"line":15,"column":18}},"4":{"start":{"line":18,"column":4},"end":{"line":18,"column":16}},"5":{"start":{"line":8,"column":0},"end":{"line":8,"column":13}}},"fnMap":{"0":{"name":"(anonymous_7)","decl":{"start":{"line":9,"column":2},"end":{"line":9,"column":31}},"loc":{"start":{"line":9,"column":62},"end":{"line":9,"column":66}}},"1":{"name":"(anonymous_8)","decl":{"start":{"line":11,"column":15},"end":{"line":11,"column":22}},"loc":{"start":{"line":11,"column":36},"end":{"line":19,"column":null}}}},"branchMap":{"0":{"loc":{"start":{"line":14,"column":4},"end":{"line":16,"column":5}},"type":"if","locations":[{"start":{"line":14,"column":4},"end":{"line":16,"column":5}}]}},"s":{"0":2,"1":3,"2":3,"3":1,"4":2,"5":2},"f":{"0":2,"1":3},"b":{"0":[1]}}
,"/Users/andreiamaral/Documents/projects/gopicos-backend/src/modules/Authentication/Signup/controllers/makeSignupController.factory.ts": {"path":"/Users/andreiamaral/Documents/projects/gopicos-backend/src/modules/Authentication/Signup/controllers/makeSignupController.factory.ts","statementMap":{"0":{"start":{"line":6,"column":31},"end":{"line":6,"column":60}},"1":{"start":{"line":9,"column":32},"end":{"line":9,"column":44}},"2":{"start":{"line":11,"column":24},"end":{"line":11,"column":54}},"3":{"start":{"line":13,"column":4},"end":{"line":18,"column":7}},"4":{"start":{"line":5,"column":0},"end":{"line":5,"column":13}}},"fnMap":{"0":{"name":"(anonymous_7)","decl":{"start":{"line":6,"column":2},"end":{"line":6,"column":31}},"loc":{"start":{"line":6,"column":60},"end":{"line":6,"column":64}}},"1":{"name":"(anonymous_8)","decl":{"start":{"line":8,"column":15},"end":{"line":8,"column":21}},"loc":{"start":{"line":8,"column":58},"end":{"line":19,"column":null}}}},"branchMap":{},"s":{"0":2,"1":1,"2":1,"3":1,"4":2},"f":{"0":2,"1":1},"b":{}}
,"/Users/andreiamaral/Documents/projects/gopicos-backend/src/modules/Authentication/Signup/controllers/signup.controller.ts": {"path":"/Users/andreiamaral/Documents/projects/gopicos-backend/src/modules/Authentication/Signup/controllers/signup.controller.ts","statementMap":{"0":{"start":{"line":1,"column":0},"end":{"line":1,"column":59}},"1":{"start":{"line":2,"column":0},"end":{"line":2,"column":77}},"2":{"start":{"line":4,"column":32},"end":{"line":4,"column":78}},"3":{"start":{"line":6,"column":25},"end":{"line":7,"column":null}},"4":{"start":{"line":10,"column":9},"end":{"line":10,"column":25}}},"fnMap":{},"branchMap":{},"s":{"0":2,"1":2,"2":2,"3":2,"4":2},"f":{},"b":{}}
,"/Users/andreiamaral/Documents/projects/gopicos-backend/src/modules/Authentication/Signup/services/makeSignupService.factory.ts": {"path":"/Users/andreiamaral/Documents/projects/gopicos-backend/src/modules/Authentication/Signup/services/makeSignupService.factory.ts","statementMap":{"0":{"start":{"line":10,"column":31},"end":{"line":10,"column":61}},"1":{"start":{"line":13,"column":30},"end":{"line":13,"column":79}},"2":{"start":{"line":15,"column":4},"end":{"line":17,"column":5}},"3":{"start":{"line":16,"column":6},"end":{"line":16,"column":45}},"4":{"start":{"line":19,"column":24},"end":{"line":19,"column":62}},"5":{"start":{"line":21,"column":4},"end":{"line":21,"column":23}},"6":{"start":{"line":9,"column":0},"end":{"line":9,"column":13}}},"fnMap":{"0":{"name":"(anonymous_7)","decl":{"start":{"line":10,"column":2},"end":{"line":10,"column":31}},"loc":{"start":{"line":10,"column":61},"end":{"line":10,"column":65}}},"1":{"name":"(anonymous_8)","decl":{"start":{"line":12,"column":15},"end":{"line":12,"column":22}},"loc":{"start":{"line":12,"column":42},"end":{"line":22,"column":null}}}},"branchMap":{"0":{"loc":{"start":{"line":15,"column":4},"end":{"line":17,"column":5}},"type":"if","locations":[{"start":{"line":15,"column":4},"end":{"line":17,"column":5}}]}},"s":{"0":2,"1":1,"2":1,"3":0,"4":1,"5":1,"6":2},"f":{"0":2,"1":1},"b":{"0":[0]}}
,"/Users/andreiamaral/Documents/projects/gopicos-backend/src/modules/Authentication/Signup/services/signup.service.ts": {"path":"/Users/andreiamaral/Documents/projects/gopicos-backend/src/modules/Authentication/Signup/services/signup.service.ts","statementMap":{"0":{"start":{"line":1,"column":0},"end":{"line":1,"column":71}},"1":{"start":{"line":2,"column":0},"end":{"line":2,"column":71}},"2":{"start":{"line":4,"column":23},"end":{"line":4,"column":51}},"3":{"start":{"line":5,"column":29},"end":{"line":5,"column":73}},"4":{"start":{"line":7,"column":22},"end":{"line":7,"column":77}},"5":{"start":{"line":9,"column":9},"end":{"line":9,"column":22}}},"fnMap":{},"branchMap":{},"s":{"0":2,"1":2,"2":2,"3":2,"4":2,"5":2},"f":{},"b":{}}
}
