TN:
SF:src/database/db.ts
FNF:0
FNH:0
DA:1,2
DA:3,2
DA:5,2
LF:3
LH:3
BRF:0
BRH:0
end_of_record
TN:
SF:src/database/repositories/UserRepository/index.ts
FN:17,(anonymous_7)
FN:19,(anonymous_8)
FN:26,(anonymous_9)
FN:36,(anonymous_11)
FN:50,(anonymous_13)
FN:59,(anonymous_15)
FNF:6
FNH:4
FNDA:2,(anonymous_7)
FNDA:4,(anonymous_8)
FNDA:4,(anonymous_9)
FNDA:1,(anonymous_11)
FNDA:0,(anonymous_13)
FNDA:0,(anonymous_15)
DA:2,2
DA:14,2
DA:15,2
DA:20,4
DA:21,2
DA:23,4
DA:27,4
DA:33,4
DA:37,1
DA:47,1
DA:51,0
DA:56,0
DA:60,0
DA:71,0
LF:14
LH:10
BRDA:20,0,0,2
BRF:1
BRH:1
end_of_record
TN:
SF:src/infra/middlewares/validate-signup.middleware.ts
FN:22,(anonymous_0)
FNF:1
FNH:1
FNDA:1,(anonymous_0)
DA:2,2
DA:4,2
DA:22,2
DA:27,1
DA:29,1
DA:31,1
LF:6
LH:6
BRF:0
BRH:0
end_of_record
TN:
SF:src/infra/routes/index.ts
FNF:0
FNH:0
DA:1,2
DA:2,2
DA:4,2
DA:6,2
DA:8,2
LF:5
LH:5
BRF:0
BRH:0
end_of_record
TN:
SF:src/infra/routes/AuthenticationRoutes/index.ts
FNF:0
FNH:0
DA:1,2
DA:2,2
DA:3,2
DA:4,2
DA:6,2
DA:8,2
DA:9,2
DA:11,2
LF:8
LH:8
BRF:0
BRH:0
end_of_record
TN:
SF:src/infra/server/index.ts
FN:13,(anonymous_1)
FNF:1
FNH:0
FNDA:0,(anonymous_1)
DA:1,2
DA:2,2
DA:3,2
DA:5,2
DA:6,2
DA:8,2
DA:10,2
DA:12,2
DA:13,0
DA:14,0
DA:18,2
LF:11
LH:9
BRDA:12,0,0,0
BRF:1
BRH:0
end_of_record
TN:
SF:src/modules/Authentication/Login/controllers/MakeLoginController.factory.ts
FN:10,(anonymous_8)
FN:12,(anonymous_9)
FNF:2
FNH:2
FNDA:2,(anonymous_8)
FNDA:5,(anonymous_9)
DA:9,2
DA:10,2
DA:13,5
DA:15,5
DA:16,2
DA:22,2
DA:25,3
DA:27,3
DA:28,1
DA:34,1
DA:37,2
DA:38,1
DA:44,1
DA:47,1
DA:49,1
LF:15
LH:15
BRDA:15,0,0,2
BRDA:15,1,0,5
BRDA:15,1,1,4
BRDA:27,2,0,1
BRDA:37,3,0,1
BRF:5
BRH:5
end_of_record
TN:
SF:src/modules/Authentication/Login/controllers/login.controller.ts
FNF:0
FNH:0
DA:1,2
DA:2,2
DA:4,2
DA:6,2
DA:10,2
LF:5
LH:5
BRF:0
BRH:0
end_of_record
TN:
SF:src/modules/Authentication/Login/services/login.service.ts
FNF:0
FNH:0
DA:1,2
DA:2,2
DA:4,2
DA:5,2
DA:7,2
DA:9,2
LF:6
LH:6
BRF:0
BRH:0
end_of_record
TN:
SF:src/modules/Authentication/Login/services/makeLoginService.factory.ts
FN:9,(anonymous_7)
FN:11,(anonymous_8)
FNF:2
FNH:2
FNDA:2,(anonymous_7)
FNDA:3,(anonymous_8)
DA:8,2
DA:9,2
DA:12,3
DA:14,3
DA:15,1
DA:18,2
LF:6
LH:6
BRDA:14,0,0,1
BRF:1
BRH:1
end_of_record
TN:
SF:src/modules/Authentication/Signup/controllers/makeSignupController.factory.ts
FN:6,(anonymous_7)
FN:8,(anonymous_8)
FNF:2
FNH:2
FNDA:2,(anonymous_7)
FNDA:1,(anonymous_8)
DA:5,2
DA:6,2
DA:9,1
DA:11,1
DA:13,1
LF:5
LH:5
BRF:0
BRH:0
end_of_record
TN:
SF:src/modules/Authentication/Signup/controllers/signup.controller.ts
FNF:0
FNH:0
DA:1,2
DA:2,2
DA:4,2
DA:6,2
DA:10,2
LF:5
LH:5
BRF:0
BRH:0
end_of_record
TN:
SF:src/modules/Authentication/Signup/services/makeSignupService.factory.ts
FN:10,(anonymous_7)
FN:12,(anonymous_8)
FNF:2
FNH:2
FNDA:2,(anonymous_7)
FNDA:1,(anonymous_8)
DA:9,2
DA:10,2
DA:13,1
DA:15,1
DA:16,0
DA:19,1
DA:21,1
LF:7
LH:6
BRDA:15,0,0,0
BRF:1
BRH:0
end_of_record
TN:
SF:src/modules/Authentication/Signup/services/signup.service.ts
FNF:0
FNH:0
DA:1,2
DA:2,2
DA:4,2
DA:5,2
DA:7,2
DA:9,2
LF:6
LH:6
BRF:0
BRH:0
end_of_record
